Sat Jan 11 18:23:14 CST 2020  [debug] AvalonLogSystem initialized using logfile 'D:\Workspaces\MyEclipse 2017 CI\.metadata\.plugins\com.genuitec.eclipse.templates\velocity.log'
Sat Jan 11 18:23:14 CST 2020   [info] ************************************************************** 
Sat Jan 11 18:23:14 CST 2020   [info] Starting Jakarta Velocity v1.4
Sat Jan 11 18:23:14 CST 2020   [info] RuntimeInstance initializing.
Sat Jan 11 18:23:14 CST 2020   [info] Default Properties File: org\apache\velocity\runtime\defaults\velocity.properties
Sat Jan 11 18:23:14 CST 2020   [info] Trying to use logger class org.apache.velocity.runtime.log.AvalonLogSystem
Sat Jan 11 18:23:14 CST 2020   [info] Using logger class org.apache.velocity.runtime.log.AvalonLogSystem
Sat Jan 11 18:23:14 CST 2020   [info] Default ResourceManager initializing. (class org.apache.velocity.runtime.resource.ResourceManagerImpl)
Sat Jan 11 18:23:14 CST 2020   [info] Resource Loader Instantiated: com.genuitec.eclipse.templates.internal.PluginResourceLoader
Sat Jan 11 18:23:14 CST 2020   [info] ResourceCache : initialized. (class org.apache.velocity.runtime.resource.ResourceCacheImpl)
Sat Jan 11 18:23:14 CST 2020   [info] Default ResourceManager initialization complete.
Sat Jan 11 18:23:14 CST 2020   [info] Loaded System Directive: org.apache.velocity.runtime.directive.Literal
Sat Jan 11 18:23:14 CST 2020   [info] Loaded System Directive: org.apache.velocity.runtime.directive.Macro
Sat Jan 11 18:23:14 CST 2020   [info] Loaded System Directive: org.apache.velocity.runtime.directive.Parse
Sat Jan 11 18:23:14 CST 2020   [info] Loaded System Directive: org.apache.velocity.runtime.directive.Include
Sat Jan 11 18:23:14 CST 2020   [info] Loaded System Directive: org.apache.velocity.runtime.directive.Foreach
Sat Jan 11 18:23:14 CST 2020   [info] Created: 20 parsers.
Sat Jan 11 18:23:14 CST 2020   [info] Velocimacro : initialization starting.
Sat Jan 11 18:23:14 CST 2020   [info] Velocimacro : adding VMs from VM library template : VM_global_library.vm
Sat Jan 11 18:23:14 CST 2020   [info] ResourceManager : found VM_global_library.vm with loader com.genuitec.eclipse.templates.internal.PluginResourceLoader
Sat Jan 11 18:23:14 CST 2020   [info] Velocimacro :  VM library template macro registration complete.
Sat Jan 11 18:23:14 CST 2020   [info] Velocimacro : allowInline = true : VMs can be defined inline in templates
Sat Jan 11 18:23:14 CST 2020   [info] Velocimacro : allowInlineToOverride = true : VMs defined inline may replace previous VM definitions
Sat Jan 11 18:23:14 CST 2020   [info] Velocimacro : allowInlineLocal = true : VMs defined inline will be local to their defining template only.
Sat Jan 11 18:23:14 CST 2020   [info] Velocimacro : messages on  : VM system will output logging messages
Sat Jan 11 18:23:14 CST 2020   [info] Velocimacro : autoload off  : VM system will not automatically reload global library macros
Sat Jan 11 18:23:14 CST 2020   [info] Velocimacro : initialization complete.
Sat Jan 11 18:23:14 CST 2020   [info] Velocity successfully started.
Sat Jan 11 18:23:14 CST 2020   [info] ResourceManager : found /templates/velocity/welcome/Jsp.vtl with loader com.genuitec.eclipse.templates.internal.PluginResourceLoader
